This is pdfTeX, Version 3.1415926-2.3-1.40.12 (MiKTeX 2.9) (preloaded format=pdflatex 2011.10.19)  9 SEP 2012 21:01
entering extended mode
**C:/Users/Boliev/Documents/αρχεια*word/ECS/MSc*Web*Technology*Books/Dissertati
on/report/ECSDocs2011/templates/latex/ecsdocs/Thesis.tex

("C:/Users/Boliev/Documents/αρχεια word/ECS/MSc Web Technology Books/Dissertati
on/report/ECSDocs2011/templates/latex/ecsdocs/Thesis.tex"
LaTeX2e <2009/09/24>
Babel <v3.8l> and hyphenation patterns for english, afrikaans, ancientgreek, ar
abic, armenian, assamese, basque, bengali, bokmal, bulgarian, catalan, coptic, 
croatian, czech, danish, dutch, esperanto, estonian, farsi, finnish, french, ga
lician, german, german-x-2009-06-19, greek, gujarati, hindi, hungarian, iceland
ic, indonesian, interlingua, irish, italian, kannada, kurmanji, lao, latin, lat
vian, lithuanian, malayalam, marathi, mongolian, mongolianlmc, monogreek, ngerm
an, ngerman-x-2009-06-19, nynorsk, oriya, panjabi, pinyin, polish, portuguese, 
romanian, russian, sanskrit, serbian, slovak, slovenian, spanish, swedish, swis
sgerman, tamil, telugu, turkish, turkmen, ukenglish, ukrainian, uppersorbian, u
senglishmax, welsh, loaded.

! LaTeX Error: File `ecsthesis.cls' not found.

Type X to quit or <RETURN> to proceed,
or enter new name. (Default extension: cls)

Enter file name: 
! Emergency stop.
<read *> 
         
l.6 \graphicspath
                 {{../Figures/}}   % Location of your graphics files
End of file on the terminal!

 
Here is how much of TeX's memory you used:
 13 strings out of 494049
 528 string characters out of 3148479
 48862 words of memory out of 3000000
 3399 multiletter control sequences out of 15000+200000
 3640 words of font info for 14 fonts, out of 3000000 for 9000
 715 hyphenation exceptions out of 8191
 10i,0n,7p,219b,8s stack positions out of 5000i,500n,10000p,200000b,50000s
!  ==> Fatal error occurred, no output PDF file produced!
