This is pdfTeX, Version 3.1415926-2.3-1.40.12 (MiKTeX 2.9) (preloaded format=pdflatex 2011.10.19)  6 SEP 2012 19:30
entering extended mode
**C:/Users/Boliev/Documents/αρχεια*word/ECS/MSc*Web*Technology*Books/Dissertati
on/report/Thesis*Template/Thesis.tex

("C:/Users/Boliev/Documents/αρχεια word/ECS/MSc Web Technology Books/Dissertati
on/report/Thesis Template/Thesis.tex"
LaTeX2e <2009/09/24>
Babel <v3.8l> and hyphenation patterns for english, afrikaans, ancientgreek, ar
abic, armenian, assamese, basque, bengali, bokmal, bulgarian, catalan, coptic, 
croatian, czech, danish, dutch, esperanto, estonian, farsi, finnish, french, ga
lician, german, german-x-2009-06-19, greek, gujarati, hindi, hungarian, iceland
ic, indonesian, interlingua, irish, italian, kannada, kurmanji, lao, latin, lat
vian, lithuanian, malayalam, marathi, mongolian, mongolianlmc, monogreek, ngerm
an, ngerman-x-2009-06-19, nynorsk, oriya, panjabi, pinyin, polish, portuguese, 
romanian, russian, sanskrit, serbian, slovak, slovenian, spanish, swedish, swis
sgerman, tamil, telugu, turkish, turkmen, ukenglish, ukrainian, uppersorbian, u
senglishmax, welsh, loaded.

("C:\Users\Boliev\Documents\αρχεια word\ECS\MSc Web Technology Books\Dissertati
on\report\Thesis Template\Thesis.cls"
Document Class: Thesis 2007/22/02 v1.0 LaTeX document class
("C:\Program Files\MiKTeX 2.9\tex\latex\base\book.cls"
Document Class: book 2007/10/19 v1.4h Standard LaTeX document class
("C:\Program Files\MiKTeX 2.9\tex\latex\base\bk11.clo"
File: bk11.clo 2007/10/19 v1.4h Standard LaTeX file (size option)
)
\c@part=\count79
\c@chapter=\count80
\c@section=\count81
\c@subsection=\count82
\c@subsubsection=\count83
\c@paragraph=\count84
\c@subparagraph=\count85
\c@figure=\count86
\c@table=\count87
\abovecaptionskip=\skip41
\belowcaptionskip=\skip42
\bibindent=\dimen102
)
("C:\Program Files\MiKTeX 2.9\tex\latex\setspace\setspace.sty"
Package: setspace 2000/12/01 6.7 Contributed and Supported LaTeX2e package

Package: `setspace' 6.7 <2000/12/01>
) ("C:\Program Files\MiKTeX 2.9\tex\latex\ieeepes\vmargin.sty"
Package: vmargin 1999/06/01

Package `vmargin', V2.2, <1999/06/01>
\PaperWidth=\dimen103
\PaperHeight=\dimen104
) ("C:\Program Files\MiKTeX 2.9\tex\latex\fancyhdr\fancyhdr.sty"
\fancy@headwidth=\skip43
\f@ncyO@elh=\skip44
\f@ncyO@erh=\skip45
\f@ncyO@olh=\skip46
\f@ncyO@orh=\skip47
\f@ncyO@elf=\skip48
\f@ncyO@erf=\skip49
\f@ncyO@olf=\skip50
\f@ncyO@orf=\skip51
)
("C:\Program Files\MiKTeX 2.9\tex\latex\ams\math\amsmath.sty"
Package: amsmath 2000/07/18 v2.13 AMS math features
\@mathmargin=\skip52

For additional information on amsmath, use the `?' option.
("C:\Program Files\MiKTeX 2.9\tex\latex\ams\math\amstext.sty"
Package: amstext 2000/06/29 v2.01

("C:\Program Files\MiKTeX 2.9\tex\latex\ams\math\amsgen.sty"
File: amsgen.sty 1999/11/30 v2.0
\@emptytoks=\toks14
\ex@=\dimen105
))
("C:\Program Files\MiKTeX 2.9\tex\latex\ams\math\amsbsy.sty"
Package: amsbsy 1999/11/29 v1.2d
\pmbraise@=\dimen106
)
("C:\Program Files\MiKTeX 2.9\tex\latex\ams\math\amsopn.sty"
Package: amsopn 1999/12/14 v2.01 operator names
)
\inf@bad=\count88
LaTeX Info: Redefining \frac on input line 211.
\uproot@=\count89
\leftroot@=\count90
LaTeX Info: Redefining \overline on input line 307.
\classnum@=\count91
\DOTSCASE@=\count92
LaTeX Info: Redefining \ldots on input line 379.
LaTeX Info: Redefining \dots on input line 382.
LaTeX Info: Redefining \cdots on input line 467.
\Mathstrutbox@=\box26
\strutbox@=\box27
\big@size=\dimen107
LaTeX Font Info:    Redeclaring font encoding OML on input line 567.
LaTeX Font Info:    Redeclaring font encoding OMS on input line 568.
\macc@depth=\count93
\c@MaxMatrixCols=\count94
\dotsspace@=\muskip10
\c@parentequation=\count95
\dspbrk@lvl=\count96
\tag@help=\toks15
\row@=\count97
\column@=\count98
\maxfields@=\count99
\andhelp@=\toks16
\eqnshift@=\dimen108
\alignsep@=\dimen109
\tagshift@=\dimen110
\tagwidth@=\dimen111
\totwidth@=\dimen112
\lineht@=\dimen113
\@envbody=\toks17
\multlinegap=\skip53
\multlinetaggap=\skip54
\mathdisplay@stack=\toks18
LaTeX Info: Redefining \[ on input line 2666.
LaTeX Info: Redefining \] on input line 2667.
)
("C:\Program Files\MiKTeX 2.9\tex\latex\amsfonts\amsfonts.sty"
Package: amsfonts 2009/06/22 v3.00 Basic AMSFonts support
\symAMSa=\mathgroup4
\symAMSb=\mathgroup5
LaTeX Font Info:    Overwriting math alphabet `\mathfrak' in version `bold'
(Font)                  U/euf/m/n --> U/euf/b/n on input line 96.
)
("C:\Program Files\MiKTeX 2.9\tex\latex\amsfonts\amssymb.sty"
Package: amssymb 2009/06/22 v3.00
)
("C:\Program Files\MiKTeX 2.9\tex\latex\ams\math\amscd.sty"
Package: amscd 1999/11/29 v2.0
\athelp@=\toks19
\minaw@=\dimen114
\bigaw@=\dimen115
\minCDarrowwidth=\dimen116
)
("C:\Program Files\MiKTeX 2.9\tex\latex\ams\classes\amsthm.sty"
Package: amsthm 2004/08/06 v2.20
\thm@style=\toks20
\thm@bodyfont=\toks21
\thm@headfont=\toks22
\thm@notefont=\toks23
\thm@headpunct=\toks24
\thm@preskip=\skip55
\thm@postskip=\skip56
\thm@headsep=\skip57
\dth@everypar=\toks25
)
("C:\Program Files\MiKTeX 2.9\tex\latex\tools\xspace.sty"
Package: xspace 2006/05/08 v1.12 Space after command names (DPC,MH)
)
\c@example=\count100
\c@theorem=\count101

("C:\Program Files\MiKTeX 2.9\tex\latex\caption\caption.sty"
Package: caption 2010/01/09 v3.1m Customizing captions (AR)

("C:\Program Files\MiKTeX 2.9\tex\latex\caption\caption3.sty"
Package: caption3 2010/01/14 v3.1m caption3 kernel (AR)

("C:\Program Files\MiKTeX 2.9\tex\latex\graphics\keyval.sty"
Package: keyval 1999/03/16 v1.13 key=value parser (DPC)
\KV@toks@=\toks26
)
\captionmargin=\dimen117
\captionmargin@=\dimen118
\captionwidth=\dimen119
\caption@indent=\dimen120
\caption@parindent=\dimen121
\caption@hangindent=\dimen122
)
\c@ContinuedFloat=\count102
)
("C:\Program Files\MiKTeX 2.9\tex\latex\graphics\graphicx.sty"
Package: graphicx 1999/02/16 v1.0f Enhanced LaTeX Graphics (DPC,SPQR)

("C:\Program Files\MiKTeX 2.9\tex\latex\graphics\graphics.sty"
Package: graphics 2009/02/05 v1.0o Standard LaTeX Graphics (DPC,SPQR)

("C:\Program Files\MiKTeX 2.9\tex\latex\graphics\trig.sty"
Package: trig 1999/03/16 v1.09 sin cos tan (DPC)
)
("C:\Program Files\MiKTeX 2.9\tex\latex\00miktex\graphics.cfg"
File: graphics.cfg 2007/01/18 v1.5 graphics configuration of teTeX/TeXLive
)
Package graphics Info: Driver file: pdftex.def on input line 91.

("C:\Program Files\MiKTeX 2.9\tex\latex\pdftex-def\pdftex.def"
File: pdftex.def 2011/05/27 v0.06d Graphics/color for pdfTeX

("C:\Program Files\MiKTeX 2.9\tex\generic\oberdiek\infwarerr.sty"
Package: infwarerr 2010/04/08 v1.3 Providing info/warning/message (HO)
)
("C:\Program Files\MiKTeX 2.9\tex\generic\oberdiek\ltxcmds.sty"
Package: ltxcmds 2011/04/18 v1.20 LaTeX kernel commands for general use (HO)
)
\Gread@gobject=\count103
))
\Gin@req@height=\dimen123
\Gin@req@width=\dimen124
)
("C:\Program Files\MiKTeX 2.9\tex\latex\oberdiek\epstopdf.sty"
Package: epstopdf 2010/02/09 v2.5 Conversion with epstopdf on the fly (HO)

("C:\Program Files\MiKTeX 2.9\tex\latex\oberdiek\epstopdf-base.sty"
Package: epstopdf-base 2010/02/09 v2.5 Base part for package epstopdf

("C:\Program Files\MiKTeX 2.9\tex\latex\oberdiek\grfext.sty"
Package: grfext 2010/08/19 v1.1 Managing graphics extensions (HO)

("C:\Program Files\MiKTeX 2.9\tex\generic\oberdiek\kvdefinekeys.sty"
Package: kvdefinekeys 2011/04/07 v1.3 Defining keys (HO)
))
("C:\Program Files\MiKTeX 2.9\tex\latex\oberdiek\kvoptions.sty"
Package: kvoptions 2010/12/23 v3.10 Keyval support for LaTeX options (HO)

("C:\Program Files\MiKTeX 2.9\tex\generic\oberdiek\kvsetkeys.sty"
Package: kvsetkeys 2011/04/07 v1.13 Key value parser (HO)

("C:\Program Files\MiKTeX 2.9\tex\generic\oberdiek\etexcmds.sty"
Package: etexcmds 2011/02/16 v1.5 Prefix for e-TeX command names (HO)

("C:\Program Files\MiKTeX 2.9\tex\generic\oberdiek\ifluatex.sty"
Package: ifluatex 2010/03/01 v1.3 Provides the ifluatex switch (HO)
Package ifluatex Info: LuaTeX not detected.
)
Package etexcmds Info: Could not find \expanded.
(etexcmds)             That can mean that you are not using pdfTeX 1.50 or
(etexcmds)             that some package has redefined \expanded.
(etexcmds)             In the latter case, load this package earlier.
)))
("C:\Program Files\MiKTeX 2.9\tex\generic\oberdiek\pdftexcmds.sty"
Package: pdftexcmds 2011/04/22 v0.16 Utilities of pdfTeX for LuaTeX (HO)

("C:\Program Files\MiKTeX 2.9\tex\generic\oberdiek\ifpdf.sty"
Package: ifpdf 2011/01/30 v2.3 Provides the ifpdf switch (HO)
Package ifpdf Info: pdfTeX in PDF mode is detected.
)
Package pdftexcmds Info: LuaTeX not detected.
Package pdftexcmds Info: \pdf@primitive is available.
Package pdftexcmds Info: \pdf@ifprimitive is available.
Package pdftexcmds Info: \pdfdraftmode found.
)
Package grfext Info: Graphics extension search list:
(grfext)             [.png,.pdf,.jpg,.mps,.jpeg,.jbig2,.jb2,.PNG,.PDF,.JPG,.JPE
G,.JBIG2,.JB2,.eps]
(grfext)             \AppendGraphicsExtensions on input line 452.
))
("C:\Program Files\MiKTeX 2.9\tex\latex\subfigure\subfigure.sty"
Package: subfigure 2002/07/30 v2.1.4 subfigure package
\subfigtopskip=\skip58
\subfigcapskip=\skip59
\subfigcaptopadj=\dimen125
\subfigbottomskip=\skip60
\subfigcapmargin=\dimen126
\subfiglabelskip=\skip61
\c@subfigure=\count104
\c@lofdepth=\count105
\c@subtable=\count106
\c@lotdepth=\count107

****************************************
* Local config file subfigure.cfg used *
****************************************
("C:\Program Files\MiKTeX 2.9\tex\latex\subfigure\subfigure.cfg")
\subfig@top=\skip62
\subfig@bottom=\skip63
)
("C:\Program Files\MiKTeX 2.9\tex\latex\booktabs\booktabs.sty"
Package: booktabs 2005/04/14 v1.61803 publication quality tables
\heavyrulewidth=\dimen127
\lightrulewidth=\dimen128
\cmidrulewidth=\dimen129
\belowrulesep=\dimen130
\belowbottomsep=\dimen131
\aboverulesep=\dimen132
\abovetopsep=\dimen133
\cmidrulesep=\dimen134
\cmidrulekern=\dimen135
\defaultaddspace=\dimen136
\@cmidla=\count108
\@cmidlb=\count109
\@aboverulesep=\dimen137
\@belowrulesep=\dimen138
\@thisruleclass=\count110
\@lastruleclass=\count111
\@thisrulewidth=\dimen139
)
("C:\Program Files\MiKTeX 2.9\tex\latex\rotating\rotating.sty"
Package: rotating 2009/03/28 v2.16a rotated objects in LaTeX

("C:\Program Files\MiKTeX 2.9\tex\latex\base\ifthen.sty"
Package: ifthen 2001/05/26 v1.1c Standard LaTeX ifthen package (DPC)
)
\c@r@tfl@t=\count112
\rotFPtop=\skip64
\rotFPbot=\skip65
\rot@float@box=\box28
\rot@mess@toks=\toks27
)
("C:\Program Files\MiKTeX 2.9\tex\latex\listings\listings.sty"
\lst@mode=\count113
\lst@gtempboxa=\box29
\lst@token=\toks28
\lst@length=\count114
\lst@currlwidth=\dimen140
\lst@column=\count115
\lst@pos=\count116
\lst@lostspace=\dimen141
\lst@width=\dimen142
\lst@newlines=\count117
\lst@lineno=\count118
\lst@maxwidth=\dimen143

("C:\Users\Boliev\Documents\αρχεια word\ECS\MSc Web Technology Books\Dissertati
on\report\Thesis Template\lstpatch.sty"

***
*** This is a patch for listings 1.3, but you're using
*** version 1.4.
***
*** Patch file not loaded.
***

) ("C:\Program Files\MiKTeX 2.9\tex\latex\listings\lstmisc.sty"
File: lstmisc.sty 2007/02/22 1.4 (Carsten Heinz)
\c@lstnumber=\count119
\lst@skipnumbers=\count120
\lst@framebox=\box30
)
("C:\Program Files\MiKTeX 2.9\tex\latex\listings\listings.cfg"
File: listings.cfg 2007/02/22 1.4 listings configuration
))
Package: listings 2007/02/22 1.4 (Carsten Heinz)

("C:\Users\Boliev\Documents\αρχεια word\ECS\MSc Web Technology Books\Dissertati
on\report\Thesis Template\lstpatch.sty"

***
*** This is a patch for listings 1.3, but you're using
*** version 1.4.
***
 *** Patch file not loaded.
***

) ("C:\Program Files\MiKTeX 2.9\tex\latex\hyperref\hyperref.sty"
Package: hyperref 2011/04/17 v6.82g Hypertext links for LaTeX

("C:\Program Files\MiKTeX 2.9\tex\generic\oberdiek\hobsub-hyperref.sty"
Package: hobsub-hyperref 2011/04/23 v1.4 Bundle oberdiek, subset hyperref (HO)

("C:\Program Files\MiKTeX 2.9\tex\generic\oberdiek\hobsub-generic.sty"
Package: hobsub-generic 2011/04/23 v1.4 Bundle oberdiek, subset generic (HO)
Package: hobsub 2011/04/23 v1.4 Subsetting bundle oberdiek (HO)
Package hobsub Info: Skipping package `infwarerr' (already loaded).
Package hobsub Info: Skipping package `ltxcmds' (already loaded).
Package hobsub Info: Skipping package `ifluatex' (already loaded).
Package: ifvtex 2010/03/01 v1.5 Switches for detecting VTeX and its modes (HO)
Package ifvtex Info: VTeX not detected.
Package: intcalc 2007/09/27 v1.1 Expandable integer calculations (HO)
Package hobsub Info: Skipping package `ifpdf' (already loaded).
Package hobsub Info: Skipping package `etexcmds' (already loaded).
Package hobsub Info: Skipping package `kvsetkeys' (already loaded).
Package hobsub Info: Skipping package `kvdefinekeys' (already loaded).
Package hobsub Info: Skipping package `pdftexcmds' (already loaded).
Package: pdfescape 2011/04/04 v1.12 Provides string conversions (HO)
Package: bigintcalc 2011/01/30 v1.2 Expandable big integer calculations (HO)
Package: bitset 2011/01/30 v1.1 Data type bit set (HO)
Package: uniquecounter 2011/01/30 v1.2 Provides unlimited unique counter (HO)
)
Package hobsub Info: Skipping package `hobsub' (already loaded).
Package: letltxmacro 2010/09/02 v1.4 Let assignment for LaTeX macros (HO)
Package: hopatch 2011/01/30 v1.0 Wrapper for package hooks (HO)
Package: xcolor-patch 2011/01/30 xcolor patch
Package: atveryend 2011/04/23 v1.7 Hooks at very end of document (HO)
Package atveryend Info: \enddocument detected (standard).
Package: atbegshi 2011/01/30 v1.15 At begin shipout hook (HO)
Package: refcount 2010/12/01 v3.2 Data extraction from references (HO)
Package: hycolor 2011/01/30 v1.7 Color options of hyperref/bookmark (HO)
)
("C:\Program Files\MiKTeX 2.9\tex\generic\ifxetex\ifxetex.sty"
Package: ifxetex 2010/09/12 v0.6 Provides ifxetex conditional
)
\@linkdim=\dimen144
\Hy@linkcounter=\count121
\Hy@pagecounter=\count122

("C:\Program Files\MiKTeX 2.9\tex\latex\hyperref\pd1enc.def"
File: pd1enc.def 2011/04/17 v6.82g Hyperref: PDFDocEncoding definition (HO)
)
\Hy@SavedSpaceFactor=\count123

("C:\Program Files\MiKTeX 2.9\tex\latex\00miktex\hyperref.cfg"
File: hyperref.cfg 2002/06/06 v1.2 hyperref configuration of TeXLive
)
Package hyperref Info: Option `bookmarks' set `true' on input line 3905.
Package hyperref Info: Option `bookmarksopen' set `true' on input line 3905.
Package hyperref Info: Option `bookmarksnumbered' set `true' on input line 3905
.
Package hyperref Info: Option `hypertexnames' set `false' on input line 3905.
Package hyperref Info: Option `colorlinks' set `true' on input line 3905.
Package hyperref Info: Option `unicode' set `true' on input line 3905.

("C:\Program Files\MiKTeX 2.9\tex\latex\hyperref\puenc.def"
File: puenc.def 2011/04/17 v6.82g Hyperref: PDF Unicode definition (HO)
)
Package hyperref Info: Option `breaklinks' set `true' on input line 3905.
Package hyperref Info: Hyper figures OFF on input line 4026.
Package hyperref Info: Link nesting OFF on input line 4031.
Package hyperref Info: Hyper index ON on input line 4034.
Package hyperref Info: Plain pages OFF on input line 4041.
Package hyperref Info: Backreferencing OFF on input line 4046.
Package hyperref Info: Implicit mode ON; LaTeX internals redefined.
Package hyperref Info: Bookmarks ON on input line 4264.
\c@Hy@tempcnt=\count124

("C:\Program Files\MiKTeX 2.9\tex\latex\ltxmisc\url.sty"
\Urlmuskip=\muskip11
Package: url 2006/04/12  ver 3.3  Verb mode for urls, etc.
)
LaTeX Info: Redefining \url on input line 4617.
\Fld@menulength=\count125
\Field@Width=\dimen145
\Fld@charsize=\dimen146
Package hyperref Info: Hyper figures OFF on input line 5701.
Package hyperref Info: Link nesting OFF on input line 5706.
Package hyperref Info: Hyper index ON on input line 5709.
Package hyperref Info: backreferencing OFF on input line 5716.
Package hyperref Info: Link coloring ON on input line 5719.
Package hyperref Info: Link coloring with OCG OFF on input line 5726.
Package hyperref Info: PDF/A mode OFF on input line 5731.
LaTeX Info: Redefining \ref on input line 5771.
LaTeX Info: Redefining \pageref on input line 5775.
\Hy@abspage=\count126
\c@Item=\count127
\c@Hfootnote=\count128
)

Package hyperref Message: Driver (autodetected): hpdftex.

("C:\Program Files\MiKTeX 2.9\tex\latex\hyperref\hpdftex.def"
File: hpdftex.def 2011/04/17 v6.82g Hyperref driver for pdfTeX
\Fld@listcount=\count129
\c@bookmark@seq@number=\count130

("C:\Program Files\MiKTeX 2.9\tex\latex\oberdiek\rerunfilecheck.sty"
Package: rerunfilecheck 2011/04/15 v1.7 Rerun checks for auxiliary files (HO)
Package uniquecounter Info: New unique counter `rerunfilecheck' on input line 2
82.
)
\Hy@SectionHShift=\skip66
)
\c@dummy=\count131

("C:\Program Files\MiKTeX 2.9\tex\latex\tools\longtable.sty"
Package: longtable 2004/02/01 v4.11 Multi-page Table package (DPC)
\LTleft=\skip67
\LTright=\skip68
\LTpre=\skip69
\LTpost=\skip70
\LTchunksize=\count132
\LTcapwidth=\dimen147
\LT@head=\box31
\LT@firsthead=\box32
\LT@foot=\box33
\LT@lastfoot=\box34
\LT@cols=\count133
\LT@rows=\count134
\c@LT@tables=\count135
\c@LT@chunks=\count136
\LT@p@ftn=\toks29
))
("C:\Program Files\MiKTeX 2.9\tex\latex\natbib\natbib.sty"
Package: natbib 2010/09/13 8.31b (PWD, AO)
\bibhang=\skip71
\bibsep=\skip72
LaTeX Info: Redefining \cite on input line 694.
\c@NAT@ctr=\count137
)
("C:\Program Files\MiKTeX 2.9\tex\latex\tools\verbatim.sty"
Package: verbatim 2003/08/22 v1.5q LaTeX2e package for verbatim enhancements
\every@verbatim=\toks30
\verbatim@line=\toks31
\verbatim@in@stream=\read1
)
("C:\Users\Boliev\Documents\αρχεια word\ECS\MSc Web Technology Books\Dissertati
on\report\Thesis Template\vector.sty"
Package: vector 1994/09/16 v1.0 vector macros for LaTeX2e (nde)

("C:\Program Files\MiKTeX 2.9\tex\latex\tools\calc.sty"
Package: calc 2007/08/22 v4.3 Infix arithmetic (KKT,FJ)
\calc@Acount=\count138
\calc@Bcount=\count139
\calc@Adimen=\dimen148
\calc@Bdimen=\dimen149
\calc@Askip=\skip73
\calc@Bskip=\skip74
LaTeX Info: Redefining \setlength on input line 76.
LaTeX Info: Redefining \addtolength on input line 77.
\calc@Ccount=\count140
\calc@Cskip=\skip75
)
\c@vec@elem=\count141
)
Package hyperref Info: Option `colorlinks' set `true' on input line 13.

("C:\Users\Boliev\Documents\αρχεια word\ECS\MSc Web Technology Books\Dissertati
on\report\Thesis Template\Thesis.aux"

LaTeX Warning: Label `fig:scientificWorkflow' multiply defined.

)
LaTeX Font Info:    Checking defaults for OML/cmm/m/it on input line 16.
LaTeX Font Info:    ... okay on input line 16.
LaTeX Font Info:    Checking defaults for T1/cmr/m/n on input line 16.
LaTeX Font Info:    ... okay on input line 16.
LaTeX Font Info:    Checking defaults for OT1/cmr/m/n on input line 16.
LaTeX Font Info:    ... okay on input line 16.
LaTeX Font Info:    Checking defaults for OMS/cmsy/m/n on input line 16.
LaTeX Font Info:    ... okay on input line 16.
LaTeX Font Info:    Checking defaults for OMX/cmex/m/n on input line 16.
LaTeX Font Info:    ... okay on input line 16.
LaTeX Font Info:    Checking defaults for U/cmr/m/n on input line 16.
LaTeX Font Info:    ... okay on input line 16.
LaTeX Font Info:    Checking defaults for PD1/pdf/m/n on input line 16.
LaTeX Font Info:    ... okay on input line 16.
LaTeX Font Info:    Checking defaults for PU/pdf/m/n on input line 16.
LaTeX Font Info:    ... okay on input line 16.
Package caption Info: Begin \AtBeginDocument code.
Package caption Info: hyperref package is loaded.
Package caption Info: listings package is loaded.
Package caption Info: longtable package is loaded.
 ("C:\Program Files\MiKTeX 2.9\tex\latex\caption\ltcaption.sty"
Package: ltcaption 2008/03/28 v1.2 longtable captions (AR)
)
Package caption Info: rotating package is loaded.
Package caption Info: subfigure package is loaded.
Package caption Info: End \AtBeginDocument code.

("C:\Program Files\MiKTeX 2.9\tex\context\base\supp-pdf.mkii"
[Loading MPS to PDF converter (version 2006.09.02).]
\scratchcounter=\count142
\scratchdimen=\dimen150
\scratchbox=\box35
\nofMPsegments=\count143
\nofMParguments=\count144
\everyMPshowfont=\toks32
\MPscratchCnt=\count145
\MPscratchDim=\dimen151
\MPnumerator=\count146
\everyMPtoPDFconversion=\toks33
)
\c@lstlisting=\count147
\AtBeginShipoutBox=\box36
 ("C:\Program Files\MiKTeX 2.9\tex\latex\graphics\color.sty"
Package: color 2005/11/14 v1.0j Standard LaTeX Color (DPC)

("C:\Program Files\MiKTeX 2.9\tex\latex\00miktex\color.cfg"
File: color.cfg 2007/01/18 v1.5 color configuration of teTeX/TeXLive
)
Package color Info: Driver file: pdftex.def on input line 130.
)
Package hyperref Info: Link coloring ON on input line 16.

("C:\Program Files\MiKTeX 2.9\tex\latex\hyperref\nameref.sty"
Package: nameref 2010/04/30 v2.40 Cross-referencing by name of section

("C:\Program Files\MiKTeX 2.9\tex\generic\oberdiek\gettitlestring.sty"
Package: gettitlestring 2010/12/03 v1.4 Cleanup title references (HO)
)
\c@section@level=\count148
)
LaTeX Info: Redefining \ref on input line 16.
LaTeX Info: Redefining \pageref on input line 16.
LaTeX Info: Redefining \nameref on input line 16.

("C:\Users\Boliev\Documents\αρχεια word\ECS\MSc Web Technology Books\Dissertati
on\report\Thesis Template\Thesis.out")
("C:\Users\Boliev\Documents\αρχεια word\ECS\MSc Web Technology Books\Dissertati
on\report\Thesis Template\Thesis.out")
\@outlinefile=\write3

------------------------------------------------------------------------------
 Title Page
------------------------------------------------------------------------------

Package hyperref Warning: Token not allowed in a PDF string (Unicode):
(hyperref)                removing `math shift' on input line 30.


Package hyperref Warning: Token not allowed in a PDF string (Unicode):
(hyperref)                removing `subscript' on input line 30.


Package hyperref Warning: Token not allowed in a PDF string (Unicode):
(hyperref)                removing `math shift' on input line 30.

LaTeX Font Info:    Try loading font information for U+msa on input line 30.
("C:\Program Files\MiKTeX 2.9\tex\latex\amsfonts\umsa.fd"
File: umsa.fd 2009/06/22 v3.00 AMS symbols A
)
LaTeX Font Info:    Try loading font information for U+msb on input line 30.

("C:\Program Files\MiKTeX 2.9\tex\latex\amsfonts\umsb.fd"
File: umsb.fd 2009/06/22 v3.00 AMS symbols B
) [1



{C:/ProgramData/MiKTeX/2.9/pdftex/config/pdftex.map}]
------------------------------------------------------------------------------
 Declaration of Authorship
------------------------------------------------------------------------------

Underfull \hbox (badness 10000) in paragraph at lines 71--71

 []

[1

]
Missing character: There is no … in font cmti10!
 [2

]
------------------------------------------------------------------------------
 Abstract Page
------------------------------------------------------------------------------
[3

]
------------------------------------------------------------------------------
 Acknowledgements
------------------------------------------------------------------------------
[4

]
------------------------------------------------------------------------------
 Table of Contents
------------------------------------------------------------------------------

("C:\Users\Boliev\Documents\αρχεια word\ECS\MSc Web Technology Books\Dissertati
on\report\Thesis Template\Thesis.toc" [5


])
\tf@toc=\write4
 [6]
------------------------------------------------------------------------------
 List of Figures
------------------------------------------------------------------------------

("C:\Users\Boliev\Documents\αρχεια word\ECS\MSc Web Technology Books\Dissertati
on\report\Thesis Template\Thesis.lof")
\tf@lof=\write5
 [7


]
------------------------------------------------------------------------------
 List of Tables
------------------------------------------------------------------------------

("C:\Users\Boliev\Documents\αρχεια word\ECS\MSc Web Technology Books\Dissertati
on\report\Thesis Template\Thesis.lot")
\tf@lot=\write6
 [8


]
------------------------------------------------------------------------------
 Abbreviations
------------------------------------------------------------------------------
[9



]
------------------------------------------------------------------------------
 Physical Constants
------------------------------------------------------------------------------
[10



]
------------------------------------------------------------------------------
 Symbols
------------------------------------------------------------------------------
[11



]
------------------------------------------------------------------------------
 Dedicatory
------------------------------------------------------------------------------
[12

]
("C:\Users\Boliev\Documents\αρχεια word\ECS\MSc Web Technology Books\Dissertati
on\report\Thesis Template\Chapters\Chapter1.tex"
Chapter 1.
------------------------------------------------------------------------------
 1 Background
------------------------------------------------------------------------------
[1



]

pdfTeX warning: C:\Program Files\MiKTeX 2.9\miktex\bin\pdflatex.exe (file C:/Us
ers/Boliev/Documents/αρχεια word/ECS/MSc Web Technology Books/Dissertation/repo
rt/Thesis Template/Figures/figure1.pdf): PDF inclusion: found PDF version <1.6>
, but at most version <1.5> allowed
<./Figures/figure1.pdf, id=365, 401.5pt x 110.4125pt>
File: ./Figures/figure1.pdf Graphic file (type pdf)

<use ./Figures/figure1.pdf>
Package pdftex.def Info: ./Figures/figure1.pdf used on input line 19.
(pdftex.def)             Requested size: 401.49901pt x 110.41222pt.


pdfTeX warning: C:\Program Files\MiKTeX 2.9\miktex\bin\pdflatex.exe (file C:/Us
ers/Boliev/Documents/αρχεια word/ECS/MSc Web Technology Books/Dissertation/repo
rt/Thesis Template/Figures/table.pdf): PDF inclusion: found PDF version <1.6>, 
but at most version <1.5> allowed
<./Figures/table.pdf, id=366, 401.5pt x 115.43124pt>
File: ./Figures/table.pdf Graphic file (type pdf)
 <use ./Figures/table.pdf>
Package pdftex.def Info: ./Figures/table.pdf used on input line 33.
(pdftex.def)             Requested size: 401.49901pt x 115.43095pt.

[2 <C:/Users/Boliev/Documents/αρχεια word/ECS/MSc Web Technology Books/Disserta
tion/report/Thesis Template/Figures/figure1.pdf>]

pdfTeX warning: C:\Program Files\MiKTeX 2.9\miktex\bin\pdflatex.exe (file C:/Us
ers/Boliev/Documents/αρχεια word/ECS/MSc Web Technology Books/Dissertation/repo
rt/Thesis Template/Figures/figure2.pdf): PDF inclusion: found PDF version <1.6>
, but at most version <1.5> allowed
<./Figures/figure2.pdf, id=374, 401.5pt x 148.555pt>
File: ./Figures/figure2.pdf Graphic file (type pdf)

<use ./Figures/figure2.pdf>
Package pdftex.def Info: ./Figures/figure2.pdf used on input line 48.
(pdftex.def)             Requested size: 401.49901pt x 148.55463pt.
 [3 <C:/Users/Boliev/Documents/αρχεια word/ECS/MSc Web Technology Books/Dissert
ation/report/Thesis Template/Figures/table.pdf> <C:/Users/Boliev/Documents/αρχε
ια word/ECS/MSc Web Technology Books/Dissertation/report/Thesis Template/Figure
s/figure2.pdf>]

pdfTeX warning: C:\Program Files\MiKTeX 2.9\miktex\bin\pdflatex.exe (file C:/Us
ers/Boliev/Documents/αρχεια word/ECS/MSc Web Technology Books/Dissertation/repo
rt/Thesis Template/Figures/figure3.pdf): PDF inclusion: found PDF version <1.6>
, but at most version <1.5> allowed
<./Figures/figure3.pdf, id=384, 401.5pt x 190.7125pt>
File: ./Figures/figure3.pdf Graphic file (type pdf)

<use ./Figures/figure3.pdf>
Package pdftex.def Info: ./Figures/figure3.pdf used on input line 86.
(pdftex.def)             Requested size: 401.49901pt x 190.71202pt.
 [4] [5 <C:/Users/Boliev/Documents/αρχεια word/ECS/MSc Web Technology Books/Dis
sertation/report/Thesis Template/Figures/figure3.pdf>] [6]

pdfTeX warning: C:\Program Files\MiKTeX 2.9\miktex\bin\pdflatex.exe (file C:/Us
ers/Boliev/Documents/αρχεια word/ECS/MSc Web Technology Books/Dissertation/repo
rt/Thesis Template/Figures/figure4.pdf): PDF inclusion: found PDF version <1.6>
, but at most version <1.5> allowed
<./Figures/figure4.pdf, id=400, 401.5pt x 182.6825pt>
File: ./Figures/figure4.pdf Graphic file (type pdf)

<use ./Figures/figure4.pdf>
Package pdftex.def Info: ./Figures/figure4.pdf used on input line 134.
(pdftex.def)             Requested size: 401.49901pt x 182.68204pt.
 [7]

pdfTeX warning: C:\Program Files\MiKTeX 2.9\miktex\bin\pdflatex.exe (file C:/Us
ers/Boliev/Documents/αρχεια word/ECS/MSc Web Technology Books/Dissertation/repo
rt/Thesis Template/Figures/figure5.pdf): PDF inclusion: found PDF version <1.6>
, but at most version <1.5> allowed
<./Figures/figure5.pdf, id=406, 451.6875pt x 471.7625pt>
File: ./Figures/figure5.pdf Graphic file (type pdf)

<use ./Figures/figure5.pdf>
Package pdftex.def Info: ./Figures/figure5.pdf used on input line 163.
(pdftex.def)             Requested size: 451.68639pt x 471.76134pt.

Overfull \hbox (34.21332pt too wide) in paragraph at lines 163--165
 [][] 
 []

[8 <C:/Users/Boliev/Documents/αρχεια word/ECS/MSc Web Technology Books/Disserta
tion/report/Thesis Template/Figures/figure4.pdf>] [9 <C:/Users/Boliev/Documents
/αρχεια word/ECS/MSc Web Technology Books/Dissertation/report/Thesis Template/F
igures/figure5.pdf>]
LaTeX Font Info:    Try loading font information for OMS+cmr on input line 190.

 ("C:\Program Files\MiKTeX 2.9\tex\latex\base\omscmr.fd"
File: omscmr.fd 1999/05/25 v2.5h Standard LaTeX font definitions
)
LaTeX Font Info:    Font shape `OMS/cmr/m/n' in size <10.95> not available
(Font)              Font shape `OMS/cmsy/m/n' tried instead on input line 190.


pdfTeX warning: C:\Program Files\MiKTeX 2.9\miktex\bin\pdflatex.exe (file C:/Us
ers/Boliev/Documents/αρχεια word/ECS/MSc Web Technology Books/Dissertation/repo
rt/Thesis Template/Figures/figure6.pdf): PDF inclusion: found PDF version <1.6>
, but at most version <1.5> allowed
<./Figures/figure6.pdf, id=422, 401.5pt x 207.77625pt>
File: ./Figures/figure6.pdf Graphic file (type pdf)

<use ./Figures/figure6.pdf>
Package pdftex.def Info: ./Figures/figure6.pdf used on input line 207.
(pdftex.def)             Requested size: 401.49901pt x 207.77573pt.
 [10] [11 <C:/Users/Boliev/Documents/αρχεια word/ECS/MSc Web Technology Books/D
issertation/report/Thesis Template/Figures/figure6.pdf>]

pdfTeX warning: C:\Program Files\MiKTeX 2.9\miktex\bin\pdflatex.exe (file C:/Us
ers/Boliev/Documents/αρχεια word/ECS/MSc Web Technology Books/Dissertation/repo
rt/Thesis Template/Figures/figure7.pdf): PDF inclusion: found PDF version <1.6>
, but at most version <1.5> allowed
<./Figures/figure7.pdf, id=433, 401.5pt x 231.86626pt>
File: ./Figures/figure7.pdf Graphic file (type pdf)

<use ./Figures/figure7.pdf>
Package pdftex.def Info: ./Figures/figure7.pdf used on input line 232.
(pdftex.def)             Requested size: 401.49901pt x 231.86568pt.
 [12 <C:/Users/Boliev/Documents/αρχεια word/ECS/MSc Web Technology Books/Disser
tation/report/Thesis Template/Figures/figure7.pdf>]
[13] [14]

pdfTeX warning: C:\Program Files\MiKTeX 2.9\miktex\bin\pdflatex.exe (file C:/Us
ers/Boliev/Documents/αρχεια word/ECS/MSc Web Technology Books/Dissertation/repo
rt/Thesis Template/Figures/figure8.pdf): PDF inclusion: found PDF version <1.6>
, but at most version <1.5> allowed
<./Figures/figure8.pdf, id=457, 401.5pt x 306.14375pt>
File: ./Figures/figure8.pdf Graphic file (type pdf)

<use ./Figures/figure8.pdf>
Package pdftex.def Info: ./Figures/figure8.pdf used on input line 301.
(pdftex.def)             Requested size: 401.49901pt x 306.14299pt.
 [15] [16 <C:/Users/Boliev/Documents/αρχεια word/ECS/MSc Web Technology Books/D
issertation/report/Thesis Template/Figures/figure8.pdf>] [17]
Overfull \hbox (2.754pt too wide) in paragraph at lines 340--341
\OT1/cmr/m/n/10.95 the "ex:w3c:publication.pn" prove-nance de-scrip-tion. We th
en state that "w3:consortium"
 []

[18]

pdfTeX warning: C:\Program Files\MiKTeX 2.9\miktex\bin\pdflatex.exe (file C:/Us
ers/Boliev/Documents/αρχεια word/ECS/MSc Web Technology Books/Dissertation/repo
rt/Thesis Template/Figures/figure12.pdf): PDF inclusion: found PDF version <1.6
>, but at most version <1.5> allowed
<./Figures/figure12.pdf, id=478, 401.5pt x 173.64874pt>
File: ./Figures/figure12.pdf Graphic file (type pdf)

<use ./Figures/figure12.pdf>
Package pdftex.def Info: ./Figures/figure12.pdf used on input line 378.
(pdftex.def)             Requested size: 401.49901pt x 173.64832pt.
 [19]

pdfTeX warning: C:\Program Files\MiKTeX 2.9\miktex\bin\pdflatex.exe (file C:/Us
ers/Boliev/Documents/αρχεια word/ECS/MSc Web Technology Books/Dissertation/repo
rt/Thesis Template/Figures/figure13.pdf): PDF inclusion: found PDF version <1.6
>, but at most version <1.5> allowed
<./Figures/figure13.pdf, id=483, 401.5pt x 174.6525pt>
File: ./Figures/figure13.pdf Graphic file (type pdf)

<use ./Figures/figure13.pdf>
Package pdftex.def Info: ./Figures/figure13.pdf used on input line 392.
(pdftex.def)             Requested size: 401.49901pt x 174.65207pt.


pdfTeX warning: C:\Program Files\MiKTeX 2.9\miktex\bin\pdflatex.exe (file C:/Us
ers/Boliev/Documents/αρχεια word/ECS/MSc Web Technology Books/Dissertation/repo
rt/Thesis Template/Figures/figure14.pdf): PDF inclusion: found PDF version <1.6
>, but at most version <1.5> allowed
<./Figures/figure14.pdf, id=484, 401.5pt x 138.5175pt>
File: ./Figures/figure14.pdf Graphic file (type pdf)

<use ./Figures/figure14.pdf>
Package pdftex.def Info: ./Figures/figure14.pdf used on input line 404.
(pdftex.def)             Requested size: 401.49901pt x 138.51715pt.
 [20 <C:/Users/Boliev/Documents/αρχεια word/ECS/MSc Web Technology Books/Disser
tation/report/Thesis Template/Figures/figure12.pdf> <C:/Users/Boliev/Documents/
αρχεια word/ECS/MSc Web Technology Books/Dissertation/report/Thesis Template/Fi
gures/figure13.pdf>] [21 <C:/Users/Boliev/Documents/αρχεια word/ECS/MSc Web Tec
hnology Books/Dissertation/report/Thesis Template/Figures/figure14.pdf>]

pdfTeX warning: C:\Program Files\MiKTeX 2.9\miktex\bin\pdflatex.exe (file C:/Us
ers/Boliev/Documents/αρχεια word/ECS/MSc Web Technology Books/Dissertation/repo
rt/Thesis Template/Figures/figure15.pdf): PDF inclusion: found PDF version <1.6
>, but at most version <1.5> allowed
<./Figures/figure15.pdf, id=504, 401.5pt x 240.9pt>
File: ./Figures/figure15.pdf Graphic file (type pdf)

<use ./Figures/figure15.pdf>
Package pdftex.def Info: ./Figures/figure15.pdf used on input line 441.
(pdftex.def)             Requested size: 401.49901pt x 240.8994pt.
 [22 <C:/Users/Boliev/Documents/αρχεια word/ECS/MSc Web Technology Books/Disser
tation/report/Thesis Template/Figures/figure15.pdf>] [23] [24]
Overfull \hbox (0.81276pt too wide) in paragraph at lines 512--512
 []\OT1/cmtt/m/n/10.95 prov:hasProvenanceService <http://example.com/provenance
-service/> .[] 
 []

[25] [26]

pdfTeX warning: C:\Program Files\MiKTeX 2.9\miktex\bin\pdflatex.exe (file C:/Us
ers/Boliev/Documents/αρχεια word/ECS/MSc Web Technology Books/Dissertation/repo
rt/Thesis Template/Figures/figure16.pdf): PDF inclusion: found PDF version <1.6
>, but at most version <1.5> allowed
<./Figures/figure16.pdf, id=530, 401.5pt x 402.50375pt>
File: ./Figures/figure16.pdf Graphic file (type pdf)

<use ./Figures/figure16.pdf>
Package pdftex.def Info: ./Figures/figure16.pdf used on input line 579.
(pdftex.def)             Requested size: 401.49901pt x 402.50276pt.
 [27] [28 <C:/Users/Boliev/Documents/αρχεια word/ECS/MSc Web Technology Books/D
issertation/report/Thesis Template/Figures/figure16.pdf>] [29]

pdfTeX warning: C:\Program Files\MiKTeX 2.9\miktex\bin\pdflatex.exe (file C:/Us
ers/Boliev/Documents/αρχεια word/ECS/MSc Web Technology Books/Dissertation/repo
rt/Thesis Template/Figures/figure17.pdf): PDF inclusion: found PDF version <1.6
>, but at most version <1.5> allowed
<./Figures/figure17.pdf, id=549, 401.5pt x 446.66875pt>
File: ./Figures/figure17.pdf Graphic file (type pdf)

<use ./Figures/figure17.pdf>
Package pdftex.def Info: ./Figures/figure17.pdf used on input line 634.
(pdftex.def)             Requested size: 401.49901pt x 446.66765pt.
)
("C:\Users\Boliev\Documents\αρχεια word\ECS\MSc Web Technology Books\Dissertati
on\report\Thesis Template\Appendices\AppendixA.tex" [30] [31 <C:/Users/Boliev/D
ocuments/αρχεια word/ECS/MSc Web Technology Books/Dissertation/report/Thesis Te
mplate/Figures/figure17.pdf>]
Appendix A.
------------------------------------------------------------------------------
 A Appendix Title Here
------------------------------------------------------------------------------
) [32

]
------------------------------------------------------------------------------
 Bibliography
------------------------------------------------------------------------------

("C:\Users\Boliev\Documents\αρχεια word\ECS\MSc Web Technology Books\Dissertati
on\report\Thesis Template\Thesis.bbl"

Package natbib Warning: Empty `thebibliography' environment on input line 8.

)
Package atveryend Info: Empty hook `BeforeClearDocument' on input line 216.
 [33


]
Package atveryend Info: Empty hook `AfterLastShipout' on input line 216.

("C:\Users\Boliev\Documents\αρχεια word\ECS\MSc Web Technology Books\Dissertati
on\report\Thesis Template\Thesis.aux")
Package atveryend Info: Executing hook `AtVeryEndDocument' on input line 216.
Package atveryend Info: Executing hook `AtEndAfterFileList' on input line 216.
Package rerunfilecheck Info: File `Thesis.out' has not changed.
(rerunfilecheck)             Checksum: 9838BB82148B3D481BE5C87ABE1F3DCC;9713.


LaTeX Warning: There were multiply-defined labels.

Package atveryend Info: Empty hook `AtVeryVeryEnd' on input line 216.
 ) 
Here is how much of TeX's memory you used:
 10878 strings out of 494049
 156181 string characters out of 3148479
 236895 words of memory out of 3000000
 13828 multiletter control sequences out of 15000+200000
 18762 words of font info for 71 fonts, out of 3000000 for 9000
 715 hyphenation exceptions out of 8191
 49i,11n,45p,1644b,447s stack positions out of 5000i,500n,10000p,200000b,50000s
<C:/Program Files/MiKTeX 2.9/fonts/type1/public/amsfonts/cm/cmbx10.pfb><C:/Pr
ogram Files/MiKTeX 2.9/fonts/type1/public/amsfonts/cm/cmbx12.pfb><C:/Program Fi
les/MiKTeX 2.9/fonts/type1/public/amsfonts/cm/cmcsc10.pfb><C:/Program Files/MiK
TeX 2.9/fonts/type1/public/amsfonts/cm/cmmi10.pfb><C:/Program Files/MiKTeX 2.9/
fonts/type1/public/amsfonts/cm/cmmi6.pfb><C:/Program Files/MiKTeX 2.9/fonts/typ
e1/public/amsfonts/cm/cmmi9.pfb><C:/Program Files/MiKTeX 2.9/fonts/type1/public
/amsfonts/cm/cmr10.pfb><C:/Program Files/MiKTeX 2.9/fonts/type1/public/amsfonts
/cm/cmr12.pfb><C:/Program Files/MiKTeX 2.9/fonts/type1/public/amsfonts/cm/cmr17
.pfb><C:/Program Files/MiKTeX 2.9/fonts/type1/public/amsfonts/cm/cmr6.pfb><C:/P
rogram Files/MiKTeX 2.9/fonts/type1/public/amsfonts/cm/cmr8.pfb><C:/Program Fil
es/MiKTeX 2.9/fonts/type1/public/amsfonts/cm/cmr9.pfb><C:/Program Files/MiKTeX 
2.9/fonts/type1/public/amsfonts/cm/cmsl12.pfb><C:/Program Files/MiKTeX 2.9/font
s/type1/public/amsfonts/cm/cmsy10.pfb><C:/Program Files/MiKTeX 2.9/fonts/type1/
public/amsfonts/cm/cmsy8.pfb><C:/Program Files/MiKTeX 2.9/fonts/type1/public/am
sfonts/cm/cmti10.pfb><C:/Program Files/MiKTeX 2.9/fonts/type1/public/amsfonts/c
m/cmti12.pfb><C:/Program Files/MiKTeX 2.9/fonts/type1/public/amsfonts/cm/cmtt10
.pfb><C:/Program Files/MiKTeX 2.9/fonts/type1/public/amsfonts/symbols/msam7.pfb
>
Output written on Thesis.pdf (46 pages, 1164961 bytes).
PDF statistics:
 662 PDF objects out of 1000 (max. 8388607)
 137 named destinations out of 1000 (max. 500000)
 468 words of extra memory for PDF output out of 10000 (max. 10000000)

