\BOOKMARK [0][-]{dummy.1}{\376\377\000D\000e\000c\000l\000a\000r\000a\000t\000i\000o\000n\000\040\000o\000f\000\040\000A\000u\000t\000h\000o\000r\000s\000h\000i\000p}{}% 1
\BOOKMARK [0][-]{dummy.2}{\376\377\000A\000b\000s\000t\000r\000a\000c\000t}{}% 2
\BOOKMARK [0][-]{dummy.3}{\376\377\000A\000c\000k\000n\000o\000w\000l\000e\000d\000g\000e\000m\000e\000n\000t\000s}{}% 3
\BOOKMARK [0][-]{dummy.5}{\376\377\000L\000i\000s\000t\000\040\000o\000f\000\040\000F\000i\000g\000u\000r\000e\000s}{}% 4
\BOOKMARK [0][-]{dummy.7}{\376\377\000L\000i\000s\000t\000\040\000o\000f\000\040\000T\000a\000b\000l\000e\000s}{}% 5
\BOOKMARK [0][-]{dummy.9}{\376\377\000A\000b\000b\000r\000e\000v\000i\000a\000t\000i\000o\000n\000s}{}% 6
\BOOKMARK [0][-]{dummy.12}{\376\377\000P\000h\000y\000s\000i\000c\000a\000l\000\040\000C\000o\000n\000s\000t\000a\000n\000t\000s}{}% 7
\BOOKMARK [0][-]{dummy.15}{\376\377\000S\000y\000m\000b\000o\000l\000s}{}% 8
\BOOKMARK [0][-]{chapter.18}{\376\377\0001\000\040\000B\000a\000c\000k\000g\000r\000o\000u\000n\000d}{}% 9
\BOOKMARK [1][-]{section.19}{\376\377\0001\000.\0001\000\040\000P\000r\000o\000v\000e\000n\000a\000n\000c\000e\000\040\000o\000f\000\040\000E\000l\000e\000c\000t\000r\000o\000n\000i\000c\000\040\000D\000a\000t\000a}{chapter.18}% 10
\BOOKMARK [2][-]{subsection.20}{\376\377\0001\000.\0001\000.\0001\000\040\000P\000r\000o\000v\000e\000n\000a\000n\000c\000e\000\040\000i\000n\000\040\000S\000c\000i\000e\000n\000t\000i\000f\000i\000c\000\040\000W\000o\000r\000k\000f\000l\000o\000w\000s\000\040\000a\000n\000d\000\040\000C\000u\000r\000a\000t\000e\000d\000\040\000D\000a\000t\000a\000b\000a\000s\000e\000s}{section.19}% 11
\BOOKMARK [2][-]{subsection.23}{\376\377\0001\000.\0001\000.\0002\000\040\000P\000r\000o\000v\000e\000n\000a\000n\000c\000e\000\040\000T\000e\000c\000h\000n\000i\000q\000u\000e\000s}{section.19}% 12
\BOOKMARK [2][-]{subsection.25}{\376\377\0001\000.\0001\000.\0003\000\040\000A\000p\000p\000l\000i\000c\000a\000t\000i\000o\000n\000s\000\040\000o\000f\000\040\000P\000r\000o\000v\000e\000n\000a\000n\000c\000e}{section.19}% 13
\BOOKMARK [2][-]{subsection.26}{\376\377\0001\000.\0001\000.\0004\000\040\000S\000u\000b\000j\000e\000c\000t\000\040\000a\000n\000d\000\040\000G\000r\000a\000n\000u\000l\000a\000r\000i\000t\000y\000\040\000o\000f\000\040\000P\000r\000o\000v\000e\000n\000a\000n\000c\000e\000\040\000I\000n\000f\000o\000r\000m\000a\000t\000i\000o\000n}{section.19}% 14
\BOOKMARK [2][-]{subsection.27}{\376\377\0001\000.\0001\000.\0005\000\040\000P\000r\000o\000v\000e\000n\000a\000n\000c\000e\000\040\000R\000e\000p\000r\000e\000s\000e\000n\000t\000a\000t\000i\000o\000n}{section.19}% 15
\BOOKMARK [2][-]{subsection.29}{\376\377\0001\000.\0001\000.\0006\000\040\000P\000r\000o\000v\000e\000n\000a\000n\000c\000e\000\040\000D\000i\000s\000s\000e\000m\000i\000n\000a\000t\000i\000o\000n}{section.19}% 16
\BOOKMARK [2][-]{subsection.30}{\376\377\0001\000.\0001\000.\0007\000\040\000P\000r\000o\000v\000e\000n\000a\000n\000c\000e\000\040\000o\000p\000e\000n\000\040\000d\000a\000t\000a\000\040\000m\000o\000d\000e\000l\000s}{section.19}% 17
\BOOKMARK [3][-]{subsubsection.31}{\376\377\0001\000.\0001\000.\0007\000.\0001\000\040\000P\000r\000o\000v\000e\000n\000a\000n\000c\000e\000\040\000i\000n\000\040\000S\000e\000r\000v\000i\000c\000e\000\040\000O\000r\000i\000e\000n\000t\000e\000d\000\040\000A\000r\000c\000h\000i\000t\000e\000c\000t\000u\000r\000e\000\040\000\050\000S\000O\000A\000\051}{subsection.30}% 18
\BOOKMARK [4][-]{section*.33}{\376\377\000P\000r\000o\000v\000e\000n\000a\000n\000c\000e\000\040\000l\000i\000f\000e\000-\000c\000y\000c\000l\000e}{subsubsection.31}% 19
\BOOKMARK [4][-]{section*.38}{\376\377\000A\000\040\000C\000o\000n\000c\000e\000p\000t\000u\000a\000l\000\040\000P\000r\000o\000v\000e\000n\000a\000n\000c\000e\000\040\000A\000r\000c\000h\000i\000t\000e\000c\000t\000u\000r\000e}{subsubsection.31}% 20
\BOOKMARK [3][-]{subsubsection.40}{\376\377\0001\000.\0001\000.\0007\000.\0002\000\040\000O\000p\000e\000n\000\040\000P\000r\000o\000v\000e\000n\000a\000n\000c\000e\000\040\000M\000o\000d\000e\000l}{subsection.30}% 21
\BOOKMARK [3][-]{subsubsection.43}{\376\377\0001\000.\0001\000.\0007\000.\0003\000\040\000T\000h\000e\000\040\000W\0003\000C\000\040\000P\000r\000o\000v\000e\000n\000a\000n\000c\000e\000\040\000W\000o\000r\000k\000i\000n\000g\000\040\000G\000r\000o\000u\000p}{subsection.30}% 22
\BOOKMARK [4][-]{section*.46}{\376\377\000P\000R\000O\000V\000\040\000D\000a\000t\000a\000\040\000M\000o\000d\000e\000l}{subsubsection.43}% 23
\BOOKMARK [4][-]{section*.48}{\376\377\000E\000n\000t\000i\000t\000y\000\040\000G\000e\000n\000e\000r\000a\000t\000i\000o\000n\000\040\000a\000n\000d\000\040\000U\000s\000a\000g\000e}{subsubsection.43}% 24
\BOOKMARK [4][-]{section*.49}{\376\377\000A\000g\000e\000n\000t\000s\000'\000\040\000R\000e\000s\000p\000o\000n\000s\000i\000b\000i\000l\000i\000t\000y}{subsubsection.43}% 25
\BOOKMARK [4][-]{section*.50}{\376\377\000E\000n\000t\000i\000t\000y\000\040\000D\000e\000r\000i\000v\000a\000t\000i\000o\000n}{subsubsection.43}% 26
\BOOKMARK [4][-]{section*.51}{\376\377\000R\000o\000l\000e\000s}{subsubsection.43}% 27
\BOOKMARK [4][-]{section*.52}{\376\377\000P\000l\000a\000n\000s\000\040\000a\000n\000d\000\040\000A\000c\000c\000o\000u\000n\000t\000s}{subsubsection.43}% 28
\BOOKMARK [2][-]{subsection.53}{\376\377\0001\000.\0001\000.\0008\000\040\000S\000e\000c\000u\000r\000i\000t\000y}{section.19}% 29
\BOOKMARK [3][-]{subsubsection.54}{\376\377\0001\000.\0001\000.\0008\000.\0001\000\040\000F\000u\000n\000d\000a\000m\000e\000n\000t\000a\000l\000\040\000c\000o\000n\000c\000e\000p\000t\000s}{subsection.53}% 30
\BOOKMARK [3][-]{subsubsection.55}{\376\377\0001\000.\0001\000.\0008\000.\0002\000\040\000C\000r\000y\000p\000t\000o\000g\000r\000a\000p\000h\000y}{subsection.53}% 31
\BOOKMARK [4][-]{section*.56}{\376\377\000S\000y\000m\000m\000e\000t\000r\000i\000c\000\040\000E\000n\000c\000r\000y\000p\000t\000i\000o\000n}{subsubsection.55}% 32
\BOOKMARK [4][-]{section*.58}{\376\377\000A\000s\000y\000m\000m\000e\000t\000r\000i\000c\000\040\000E\000n\000c\000r\000y\000p\000t\000i\000o\000n}{subsubsection.55}% 33
\BOOKMARK [4][-]{section*.60}{\376\377\000D\000i\000g\000i\000t\000a\000l\000\040\000S\000i\000g\000n\000a\000t\000u\000r\000e}{subsubsection.55}% 34
\BOOKMARK [4][-]{section*.62}{\376\377\000A\000s\000y\000m\000m\000e\000t\000r\000i\000c\000\040\000v\000e\000r\000s\000u\000s\000\040\000S\000y\000m\000m\000e\000t\000r\000i\000c\000\040\000E\000n\000c\000r\000y\000p\000t\000i\000o\000n}{subsubsection.55}% 35
\BOOKMARK [3][-]{subsubsection.63}{\376\377\0001\000.\0001\000.\0008\000.\0003\000\040\000S\000e\000c\000u\000r\000i\000t\000y\000\040\000p\000r\000o\000t\000o\000c\000o\000l\000s}{subsection.53}% 36
\BOOKMARK [3][-]{subsubsection.69}{\376\377\0001\000.\0001\000.\0008\000.\0004\000\040\000P\000u\000b\000l\000i\000c\000\040\000k\000e\000y\000\040\000i\000n\000f\000r\000a\000s\000t\000r\000u\000c\000t\000u\000r\000e}{subsection.53}% 37
\BOOKMARK [2][-]{subsection.71}{\376\377\0001\000.\0001\000.\0009\000\040\000P\000u\000b\000l\000i\000s\000h\000i\000n\000g\000\040\000a\000n\000d\000\040\000q\000u\000e\000r\000y\000i\000n\000g\000\040\000p\000r\000o\000v\000e\000n\000a\000n\000c\000e\000\040\000i\000n\000f\000o\000r\000m\000a\000t\000i\000o\000n}{section.19}% 38
\BOOKMARK [3][-]{subsubsection.72}{\376\377\0001\000.\0001\000.\0009\000.\0001\000\040\000P\000r\000o\000v\000e\000n\000a\000n\000c\000e\000\040\000S\000e\000r\000v\000i\000c\000e\000s}{subsection.71}% 39
\BOOKMARK [2][-]{subsection.74}{\376\377\0001\000.\0001\000.\0001\0000\000\040\000C\000a\000r\000b\000o\000n\000\040\000F\000o\000o\000t\000p\000r\000i\000n\000t\000s}{section.19}% 40
\BOOKMARK [3][-]{subsubsection.75}{\376\377\0001\000.\0001\000.\0001\0000\000.\0001\000\040\000F\000u\000n\000d\000a\000m\000e\000n\000t\000a\000l\000\040\000N\000o\000t\000i\000o\000n\000s}{subsection.74}% 41
\BOOKMARK [3][-]{subsubsection.77}{\376\377\0001\000.\0001\000.\0001\0000\000.\0002\000\040\000C\000a\000l\000c\000u\000l\000a\000t\000i\000n\000g\000\040\000c\000a\000r\000b\000o\000n\000\040\000e\000m\000i\000s\000s\000i\000o\000n\000s}{subsection.74}% 42
\BOOKMARK [3][-]{subsubsection.82}{\376\377\0001\000.\0001\000.\0001\0000\000.\0003\000\040\000G\000a\000t\000h\000e\000r\000i\000n\000g\000\040\000E\000m\000i\000s\000s\000i\000o\000n\000s\000\040\000S\000o\000u\000r\000c\000e\000s}{subsection.74}% 43
\BOOKMARK [3][-]{subsubsection.83}{\376\377\0001\000.\0001\000.\0001\0000\000.\0004\000\040\000C\000l\000a\000s\000s\000i\000f\000y\000i\000n\000g\000\040\000E\000m\000i\000s\000s\000i\000o\000n\000s}{subsection.74}% 44
\BOOKMARK [3][-]{subsubsection.84}{\376\377\0001\000.\0001\000.\0001\0000\000.\0005\000\040\000C\000a\000l\000c\000u\000l\000a\000t\000i\000o\000n\000\040\000M\000e\000t\000h\000o\000d\000s}{subsection.74}% 45
\BOOKMARK [3][-]{subsubsection.85}{\376\377\0001\000.\0001\000.\0001\0000\000.\0006\000\040\000H\000E\000I\000\040\000S\000c\000o\000p\000e\000\040\0003\000\040\000C\000a\000r\000b\000o\000n\000\040\000E\000m\000i\000s\000s\000i\000o\000n\000s}{subsection.74}% 46
\BOOKMARK [3][-]{subsubsection.87}{\376\377\0001\000.\0001\000.\0001\0000\000.\0007\000\040\000T\000r\000a\000v\000e\000l\000\040\000e\000m\000i\000s\000s\000i\000o\000n\000s\000\040\000c\000a\000l\000c\000u\000l\000a\000t\000i\000o\000n}{subsection.74}% 47
\BOOKMARK [0][-]{appendix.88}{\376\377\000A\000\040\000A\000p\000p\000e\000n\000d\000i\000x\000\040\000T\000i\000t\000l\000e\000\040\000H\000e\000r\000e}{}% 48
\BOOKMARK [0][-]{dummy.89}{\376\377\000B\000i\000b\000l\000i\000o\000g\000r\000a\000p\000h\000y}{}% 49
