\BOOKMARK [0][-]{dummy.4}{\376\377\000A\000c\000k\000n\000o\000w\000l\000e\000d\000g\000e\000m\000e\000n\000t\000s}{}% 1
\BOOKMARK [0][-]{dummy.5}{\376\377\000L\000i\000s\000t\000\040\000o\000f\000\040\000S\000y\000m\000b\000o\000l\000s}{}% 2
\BOOKMARK [0][-]{chapter.8}{\376\377\0001\000\040\000I\000n\000t\000r\000o\000d\000u\000c\000t\000i\000o\000n}{}% 3
\BOOKMARK [0][-]{chapter.15}{\376\377\0002\000\040\000B\000a\000c\000k\000g\000r\000o\000u\000n\000d}{}% 4
\BOOKMARK [1][-]{section.16}{\376\377\0002\000.\0001\000\040\000P\000r\000o\000v\000e\000n\000a\000n\000c\000e\000\040\000o\000f\000\040\000E\000l\000e\000c\000t\000r\000o\000n\000i\000c\000\040\000D\000a\000t\000a}{chapter.15}% 5
\BOOKMARK [2][-]{subsection.17}{\376\377\0002\000.\0001\000.\0001\000\040\000P\000r\000o\000v\000e\000n\000a\000n\000c\000e\000\040\000i\000n\000\040\000S\000c\000i\000e\000n\000t\000i\000f\000i\000c\000\040\000W\000o\000r\000k\000f\000l\000o\000w\000s\000\040\000a\000n\000d\000\040\000C\000u\000r\000a\000t\000e\000d\000\040\000D\000a\000t\000a\000b\000a\000s\000e\000s}{section.16}% 6
\BOOKMARK [2][-]{subsection.20}{\376\377\0002\000.\0001\000.\0002\000\040\000P\000r\000o\000v\000e\000n\000a\000n\000c\000e\000\040\000T\000e\000c\000h\000n\000i\000q\000u\000e\000s}{section.16}% 7
\BOOKMARK [2][-]{subsection.22}{\376\377\0002\000.\0001\000.\0003\000\040\000A\000p\000p\000l\000i\000c\000a\000t\000i\000o\000n\000s\000\040\000o\000f\000\040\000P\000r\000o\000v\000e\000n\000a\000n\000c\000e}{section.16}% 8
\BOOKMARK [2][-]{subsection.23}{\376\377\0002\000.\0001\000.\0004\000\040\000S\000u\000b\000j\000e\000c\000t\000\040\000a\000n\000d\000\040\000G\000r\000a\000n\000u\000l\000a\000r\000i\000t\000y\000\040\000o\000f\000\040\000P\000r\000o\000v\000e\000n\000a\000n\000c\000e\000\040\000I\000n\000f\000o\000r\000m\000a\000t\000i\000o\000n}{section.16}% 9
\BOOKMARK [2][-]{subsection.24}{\376\377\0002\000.\0001\000.\0005\000\040\000P\000r\000o\000v\000e\000n\000a\000n\000c\000e\000\040\000R\000e\000p\000r\000e\000s\000e\000n\000t\000a\000t\000i\000o\000n}{section.16}% 10
\BOOKMARK [2][-]{subsection.26}{\376\377\0002\000.\0001\000.\0006\000\040\000P\000r\000o\000v\000e\000n\000a\000n\000c\000e\000\040\000D\000i\000s\000s\000e\000m\000i\000n\000a\000t\000i\000o\000n}{section.16}% 11
\BOOKMARK [2][-]{subsection.27}{\376\377\0002\000.\0001\000.\0007\000\040\000P\000r\000o\000v\000e\000n\000a\000n\000c\000e\000\040\000o\000p\000e\000n\000\040\000d\000a\000t\000a\000\040\000m\000o\000d\000e\000l\000s}{section.16}% 12
\BOOKMARK [3][-]{subsubsection.28}{\376\377\0002\000.\0001\000.\0007\000.\0001\000\040\000P\000r\000o\000v\000e\000n\000a\000n\000c\000e\000\040\000i\000n\000\040\000S\000e\000r\000v\000i\000c\000e\000\040\000O\000r\000i\000e\000n\000t\000e\000d\000\040\000A\000r\000c\000h\000i\000t\000e\000c\000t\000u\000r\000e\000\040\000\050\000S\000O\000A\000\051}{subsection.27}% 13
\BOOKMARK [4][-]{section*.30}{\376\377\000P\000r\000o\000v\000e\000n\000a\000n\000c\000e\000\040\000l\000i\000f\000e\000-\000c\000y\000c\000l\000e}{subsubsection.28}% 14
\BOOKMARK [4][-]{section*.35}{\376\377\000A\000\040\000C\000o\000n\000c\000e\000p\000t\000u\000a\000l\000\040\000P\000r\000o\000v\000e\000n\000a\000n\000c\000e\000\040\000A\000r\000c\000h\000i\000t\000e\000c\000t\000u\000r\000e}{subsubsection.28}% 15
\BOOKMARK [3][-]{subsubsection.37}{\376\377\0002\000.\0001\000.\0007\000.\0002\000\040\000O\000p\000e\000n\000\040\000P\000r\000o\000v\000e\000n\000a\000n\000c\000e\000\040\000M\000o\000d\000e\000l}{subsection.27}% 16
\BOOKMARK [3][-]{subsubsection.40}{\376\377\0002\000.\0001\000.\0007\000.\0003\000\040\000T\000h\000e\000\040\000W\0003\000C\000\040\000P\000r\000o\000v\000e\000n\000a\000n\000c\000e\000\040\000W\000o\000r\000k\000i\000n\000g\000\040\000G\000r\000o\000u\000p}{subsection.27}% 17
\BOOKMARK [4][-]{section*.43}{\376\377\000P\000R\000O\000V\000\040\000D\000a\000t\000a\000\040\000M\000o\000d\000e\000l}{subsubsection.40}% 18
\BOOKMARK [4][-]{section*.45}{\376\377\000E\000n\000t\000i\000t\000y\000\040\000G\000e\000n\000e\000r\000a\000t\000i\000o\000n\000\040\000a\000n\000d\000\040\000U\000s\000a\000g\000e}{subsubsection.40}% 19
\BOOKMARK [4][-]{section*.46}{\376\377\000A\000g\000e\000n\000t\000s\000'\000\040\000R\000e\000s\000p\000o\000n\000s\000i\000b\000i\000l\000i\000t\000y}{subsubsection.40}% 20
\BOOKMARK [4][-]{section*.47}{\376\377\000E\000n\000t\000i\000t\000y\000\040\000D\000e\000r\000i\000v\000a\000t\000i\000o\000n}{subsubsection.40}% 21
\BOOKMARK [4][-]{section*.48}{\376\377\000R\000o\000l\000e\000s}{subsubsection.40}% 22
\BOOKMARK [4][-]{section*.49}{\376\377\000P\000l\000a\000n\000s\000\040\000a\000n\000d\000\040\000A\000c\000c\000o\000u\000n\000t\000s}{subsubsection.40}% 23
\BOOKMARK [2][-]{subsection.50}{\376\377\0002\000.\0001\000.\0008\000\040\000S\000e\000c\000u\000r\000i\000t\000y}{section.16}% 24
\BOOKMARK [3][-]{subsubsection.51}{\376\377\0002\000.\0001\000.\0008\000.\0001\000\040\000F\000u\000n\000d\000a\000m\000e\000n\000t\000a\000l\000\040\000c\000o\000n\000c\000e\000p\000t\000s}{subsection.50}% 25
\BOOKMARK [3][-]{subsubsection.52}{\376\377\0002\000.\0001\000.\0008\000.\0002\000\040\000C\000r\000y\000p\000t\000o\000g\000r\000a\000p\000h\000y}{subsection.50}% 26
\BOOKMARK [4][-]{section*.53}{\376\377\000S\000y\000m\000m\000e\000t\000r\000i\000c\000\040\000E\000n\000c\000r\000y\000p\000t\000i\000o\000n}{subsubsection.52}% 27
\BOOKMARK [4][-]{section*.55}{\376\377\000A\000s\000y\000m\000m\000e\000t\000r\000i\000c\000\040\000E\000n\000c\000r\000y\000p\000t\000i\000o\000n}{subsubsection.52}% 28
\BOOKMARK [4][-]{section*.57}{\376\377\000D\000i\000g\000i\000t\000a\000l\000\040\000S\000i\000g\000n\000a\000t\000u\000r\000e}{subsubsection.52}% 29
\BOOKMARK [4][-]{section*.59}{\376\377\000A\000s\000y\000m\000m\000e\000t\000r\000i\000c\000\040\000v\000e\000r\000s\000u\000s\000\040\000S\000y\000m\000m\000e\000t\000r\000i\000c\000\040\000E\000n\000c\000r\000y\000p\000t\000i\000o\000n}{subsubsection.52}% 30
\BOOKMARK [3][-]{subsubsection.60}{\376\377\0002\000.\0001\000.\0008\000.\0003\000\040\000S\000e\000c\000u\000r\000i\000t\000y\000\040\000p\000r\000o\000t\000o\000c\000o\000l\000s}{subsection.50}% 31
\BOOKMARK [3][-]{subsubsection.66}{\376\377\0002\000.\0001\000.\0008\000.\0004\000\040\000P\000u\000b\000l\000i\000c\000\040\000k\000e\000y\000\040\000i\000n\000f\000r\000a\000s\000t\000r\000u\000c\000t\000u\000r\000e}{subsection.50}% 32
\BOOKMARK [2][-]{subsection.68}{\376\377\0002\000.\0001\000.\0009\000\040\000P\000u\000b\000l\000i\000s\000h\000i\000n\000g\000\040\000a\000n\000d\000\040\000q\000u\000e\000r\000y\000i\000n\000g\000\040\000p\000r\000o\000v\000e\000n\000a\000n\000c\000e\000\040\000i\000n\000f\000o\000r\000m\000a\000t\000i\000o\000n}{section.16}% 33
\BOOKMARK [3][-]{subsubsection.72}{\376\377\0002\000.\0001\000.\0009\000.\0001\000\040\000P\000r\000o\000v\000e\000n\000a\000n\000c\000e\000\040\000S\000e\000r\000v\000i\000c\000e\000s}{subsection.68}% 34
\BOOKMARK [1][-]{section.75}{\376\377\0002\000.\0002\000\040\000C\000a\000r\000b\000o\000n\000\040\000F\000o\000o\000t\000p\000r\000i\000n\000t\000s}{chapter.15}% 35
\BOOKMARK [2][-]{subsection.76}{\376\377\0002\000.\0002\000.\0001\000\040\000F\000u\000n\000d\000a\000m\000e\000n\000t\000a\000l\000\040\000N\000o\000t\000i\000o\000n\000s}{section.75}% 36
\BOOKMARK [2][-]{subsection.78}{\376\377\0002\000.\0002\000.\0002\000\040\000C\000a\000l\000c\000u\000l\000a\000t\000i\000n\000g\000\040\000c\000a\000r\000b\000o\000n\000\040\000e\000m\000i\000s\000s\000i\000o\000n\000s}{section.75}% 37
\BOOKMARK [2][-]{subsection.83}{\376\377\0002\000.\0002\000.\0003\000\040\000G\000a\000t\000h\000e\000r\000i\000n\000g\000\040\000E\000m\000i\000s\000s\000i\000o\000n\000s\000\040\000S\000o\000u\000r\000c\000e\000s}{section.75}% 38
\BOOKMARK [2][-]{subsection.84}{\376\377\0002\000.\0002\000.\0004\000\040\000C\000l\000a\000s\000s\000i\000f\000y\000i\000n\000g\000\040\000E\000m\000i\000s\000s\000i\000o\000n\000s}{section.75}% 39
\BOOKMARK [2][-]{subsection.85}{\376\377\0002\000.\0002\000.\0005\000\040\000C\000a\000l\000c\000u\000l\000a\000t\000i\000o\000n\000\040\000M\000e\000t\000h\000o\000d\000s}{section.75}% 40
\BOOKMARK [2][-]{subsection.86}{\376\377\0002\000.\0002\000.\0006\000\040\000H\000E\000I\000\040\000S\000c\000o\000p\000e\000\040\0003\000\040\000C\000a\000r\000b\000o\000n\000\040\000E\000m\000i\000s\000s\000i\000o\000n\000s}{section.75}% 41
\BOOKMARK [2][-]{subsection.88}{\376\377\0002\000.\0002\000.\0007\000\040\000T\000r\000a\000v\000e\000l\000\040\000e\000m\000i\000s\000s\000i\000o\000n\000s\000\040\000c\000a\000l\000c\000u\000l\000a\000t\000i\000o\000n}{section.75}% 42
\BOOKMARK [1][-]{section.89}{\376\377\0002\000.\0003\000\040\000C\000a\000r\000b\000o\000n\000\040\000F\000o\000o\000t\000p\000r\000i\000n\000t\000\040\000A\000p\000p\000l\000i\000c\000a\000t\000i\000o\000n\000s}{chapter.15}% 43
\BOOKMARK [2][-]{subsection.90}{\376\377\0002\000.\0003\000.\0001\000\040\000C\000a\000r\000b\000o\000n\000F\000o\000o\000t\000P\000r\000i\000n\000t\000.\000c\000o\000m}{section.89}% 44
\BOOKMARK [2][-]{subsection.94}{\376\377\0002\000.\0003\000.\0002\000\040\000A\000M\000E\000E\000\040\000L\000o\000c\000a\000t\000i\000o\000n\000\040\000F\000o\000o\000t\000p\000r\000i\000n\000t\000e\000r}{section.89}% 45
\BOOKMARK [2][-]{subsection.98}{\376\377\0002\000.\0003\000.\0003\000\040\000E\000c\000o\000b\000o\000t}{section.89}% 46
\BOOKMARK [2][-]{subsection.101}{\376\377\0002\000.\0003\000.\0004\000\040\000T\000h\000e\000\040\000G\000u\000a\000r\000d\000i\000a\000n\000'\000s\000\040\000Q\000u\000i\000c\000k\000\040\000C\000a\000r\000b\000o\000n\000\040\000C\000a\000l\000c\000u\000l\000a\000t\000o\000r}{section.89}% 47
\BOOKMARK [2][-]{subsection.104}{\376\377\0002\000.\0003\000.\0005\000\040\000O\000t\000h\000e\000r\000\040\000A\000p\000p\000l\000i\000c\000a\000t\000i\000o\000n\000s}{section.89}% 48
\BOOKMARK [1][-]{section.106}{\376\377\0002\000.\0004\000\040\000T\000o\000o\000l\000s\000\040\000a\000n\000d\000\040\000L\000i\000b\000r\000a\000r\000i\000e\000s}{chapter.15}% 49
\BOOKMARK [2][-]{subsection.107}{\376\377\0002\000.\0004\000.\0001\000\040\000T\000o\000o\000l\000s\000\040\000U\000s\000e\000d\000\040\000f\000o\000r\000\040\000L\000i\000t\000e\000r\000a\000t\000u\000r\000e\000\040\000R\000e\000s\000e\000a\000r\000c\000h}{section.106}% 50
\BOOKMARK [2][-]{subsection.109}{\376\377\0002\000.\0004\000.\0002\000\040\000T\000o\000o\000l\000s\000\040\000U\000s\000e\000d\000\040\000D\000u\000r\000i\000n\000g\000\040\000t\000h\000e\000\040\000A\000p\000p\000l\000i\000c\000a\000t\000i\000o\000n\000'\000s\000\040\000D\000e\000s\000i\000g\000n\000\040\000P\000h\000a\000s\000e}{section.106}% 51
\BOOKMARK [2][-]{subsection.111}{\376\377\0002\000.\0004\000.\0003\000\040\000T\000o\000o\000l\000s\000\040\000a\000n\000d\000\040\000L\000i\000b\000r\000a\000r\000i\000e\000s\000\040\000U\000s\000e\000d\000\040\000D\000u\000r\000i\000n\000g\000\040\000A\000p\000p\000l\000i\000c\000a\000t\000i\000o\000n\000'\000s\000\040\000I\000m\000p\000l\000e\000m\000e\000n\000t\000a\000t\000i\000o\000n\000\040\000P\000h\000a\000s\000e}{section.106}% 52
\BOOKMARK [1][-]{section.113}{\376\377\0002\000.\0005\000\040\000S\000u\000m\000m\000a\000r\000y}{chapter.15}% 53
\BOOKMARK [0][-]{chapter.114}{\376\377\0003\000\040\000P\000r\000o\000v\000e\000n\000a\000n\000c\000e\000\040\000i\000n\000\040\000o\000u\000r\000\040\000A\000p\000p\000l\000i\000c\000a\000t\000i\000o\000n}{}% 54
\BOOKMARK [1][-]{section.115}{\376\377\0003\000.\0001\000\040\000i\000n\000t\000r\000o\000d\000u\000c\000t\000i\000o\000n}{chapter.114}% 55
\BOOKMARK [1][-]{section.116}{\376\377\0003\000.\0002\000\040\000B\000e\000n\000e\000f\000i\000t\000s\000\040\000o\000f\000\040\000P\000r\000o\000v\000e\000n\000a\000n\000c\000e}{chapter.114}% 56
\BOOKMARK [1][-]{section.117}{\376\377\0003\000.\0003\000\040\000T\000r\000a\000c\000k\000i\000n\000g\000\040\000P\000r\000o\000v\000e\000n\000a\000n\000c\000e}{chapter.114}% 57
\BOOKMARK [2][-]{subsection.118}{\376\377\0003\000.\0003\000.\0001\000\040\000T\000r\000i\000p\000\040\000C\000r\000e\000a\000t\000i\000o\000n\000\040\000P\000r\000o\000c\000e\000s\000s}{section.117}% 58
\BOOKMARK [2][-]{subsection.120}{\376\377\0003\000.\0003\000.\0002\000\040\000T\000r\000i\000p\000\040\000L\000e\000g\000\040\000C\000a\000l\000c\000u\000l\000a\000t\000i\000o\000n\000\040\000P\000r\000o\000c\000e\000s\000s}{section.117}% 59
\BOOKMARK [2][-]{subsection.122}{\376\377\0003\000.\0003\000.\0003\000\040\000T\000r\000i\000p\000\040\000C\000a\000r\000b\000o\000n\000\040\000E\000m\000i\000s\000s\000i\000o\000n\000s\000\040\000C\000a\000l\000c\000u\000l\000a\000t\000i\000o\000n\000\040\000P\000r\000o\000c\000e\000s\000s}{section.117}% 60
\BOOKMARK [2][-]{subsection.125}{\376\377\0003\000.\0003\000.\0004\000\040\000C\000a\000l\000c\000u\000l\000a\000t\000i\000o\000n\000\040\000p\000r\000o\000c\000e\000s\000s\000\040\000f\000o\000r\000\040\000i\000n\000d\000i\000v\000i\000d\000u\000a\000l\000\040\000a\000n\000d\000\040\000g\000r\000o\000u\000p\000\040\000c\000a\000r\000b\000o\000n\000\040\000e\000m\000i\000s\000s\000i\000o\000n\000s}{section.117}% 61
\BOOKMARK [1][-]{section.128}{\376\377\0003\000.\0004\000\040\000S\000t\000o\000r\000i\000n\000g\000\040\000P\000r\000o\000v\000e\000n\000a\000n\000c\000e}{chapter.114}% 62
\BOOKMARK [1][-]{section.129}{\376\377\0003\000.\0005\000\040\000F\000e\000t\000c\000h\000i\000n\000g\000\040\000P\000r\000o\000v\000e\000n\000a\000n\000c\000e\000\040\000I\000n\000f\000o\000r\000m\000a\000t\000i\000o\000n}{chapter.114}% 63
\BOOKMARK [1][-]{section.130}{\376\377\0003\000.\0006\000\040\000S\000u\000m\000m\000a\000r\000y}{chapter.114}% 64
\BOOKMARK [0][-]{chapter.131}{\376\377\0004\000\040\000C\000o\000n\000c\000l\000u\000s\000i\000o\000n\000s}{}% 65
\BOOKMARK [0][-]{appendix.132}{\376\377\000A\000\040\000S\000t\000u\000f\000f}{}% 66
\BOOKMARK [0][-]{dummy.133}{\376\377\000R\000e\000f\000e\000r\000e\000n\000c\000e\000s}{}% 67
